<?xml version="1.0" encoding="UTF-8"?>
<!-- Generated by org.testng.reporters.JUnitReportReporter -->
<testsuite skipped="0" hostname="CTL-16" name="investicamobileTestCases.Verify_FundExplorer_TestCases" tests="2" failures="0" timestamp="21 Dec 2017 11:52:31 GMT" time="44.837" errors="0">
  <testcase name="verify_navigation_Liquid_Funds_page" time="23.388" classname="investicamobileTestCases.Verify_FundExplorer_TestCases"/>
  <testcase name="verify_navigation_Liquid_Funds_page" time="21.449" classname="investicamobileTestCases.Verify_FundExplorer_TestCases"/>
</testsuite> <!-- investicamobileTestCases.Verify_FundExplorer_TestCases -->
