<?xml version="1.0" encoding="UTF-8"?>
<!-- Generated by org.testng.reporters.JUnitReportReporter -->
<testsuite skipped="0" hostname="CTL-16" name="appiumGrid.TrialTestCase2" tests="8" failures="0" timestamp="19 Dec 2017 11:07:39 GMT" time="232.847" errors="0">
  <testcase name="testcase21" time="20.107" classname="appiumGrid.TrialTestCase2"/>
  <testcase name="testcase21" time="21.795" classname="appiumGrid.TrialTestCase2"/>
  <testcase name="testcase22" time="27.508" classname="appiumGrid.TrialTestCase2"/>
  <testcase name="testcase22" time="27.918" classname="appiumGrid.TrialTestCase2"/>
  <testcase name="testcase23" time="42.121" classname="appiumGrid.TrialTestCase2"/>
  <testcase name="testcase23" time="44.674" classname="appiumGrid.TrialTestCase2"/>
  <testcase name="testcase24" time="25.953" classname="appiumGrid.TrialTestCase2"/>
  <testcase name="testcase24" time="22.771" classname="appiumGrid.TrialTestCase2"/>
</testsuite> <!-- appiumGrid.TrialTestCase2 -->
