<?xml version="1.0" encoding="UTF-8"?>
<!-- Generated by org.testng.reporters.JUnitReportReporter -->
<testsuite skipped="0" hostname="CTL-16" name="appiumGrid.TrialTestCase1" tests="8" failures="0" timestamp="19 Dec 2017 11:07:39 GMT" time="244.977" errors="0">
  <testcase name="testcase1" time="23.312" classname="appiumGrid.TrialTestCase1"/>
  <testcase name="testcase1" time="20.501" classname="appiumGrid.TrialTestCase1"/>
  <testcase name="testcase2" time="27.135" classname="appiumGrid.TrialTestCase1"/>
  <testcase name="testcase2" time="27.723" classname="appiumGrid.TrialTestCase1"/>
  <testcase name="testcase3" time="41.135" classname="appiumGrid.TrialTestCase1"/>
  <testcase name="testcase3" time="56.526" classname="appiumGrid.TrialTestCase1"/>
  <testcase name="testcase4" time="23.007" classname="appiumGrid.TrialTestCase1"/>
  <testcase name="testcase4" time="25.638" classname="appiumGrid.TrialTestCase1"/>
</testsuite> <!-- appiumGrid.TrialTestCase1 -->
