<?xml version="1.0" encoding="UTF-8"?>
<!-- Generated by org.testng.reporters.JUnitReportReporter -->
<testsuite hostname="Lenovo-PC" name="testCases.PracTestCases" tests="1" failures="0" timestamp="25 Sep 2016 15:16:53 GMT" time="15.809" errors="0">
  <testcase name="testnewUtility" time="15.809" classname="testCases.PracTestCases"/>
</testsuite> <!-- testCases.PracTestCases -->
