<?xml version="1.0" encoding="UTF-8"?>
<!-- Generated by org.testng.reporters.JUnitReportReporter -->
<testsuite hostname="Lenovo-PC" name="testCases.Footers" tests="1" failures="0" timestamp="18 Sep 2016 09:59:31 GMT" time="23.398" errors="0">
  <testcase name="testFooters" time="23.398" classname="testCases.Footers"/>
</testsuite> <!-- testCases.Footers -->
