<?xml version="1.0" encoding="UTF-8"?>
<!-- Generated by org.testng.reporters.JUnitReportReporter -->
<testsuite hostname="CTL-16" name="unitTest.DataProviderFactoryTest" tests="2" failures="0" timestamp="18 Jul 2017 07:12:15 GMT" time="0.036" errors="0">
  <testcase name="testgetExcelObject" time="0.035" classname="unitTest.DataProviderFactoryTest"/>
  <testcase name="testgetConfigObject" time="0.001" classname="unitTest.DataProviderFactoryTest"/>
</testsuite> <!-- unitTest.DataProviderFactoryTest -->
