<?xml version="1.0" encoding="UTF-8"?>
<!-- Generated by org.testng.reporters.JUnitReportReporter -->
<testsuite hostname="CTL-16" name="testCases.Verify_Login" tests="1" failures="0" timestamp="19 Jun 2017 06:34:34 GMT" time="17.423" errors="0">
  <testcase name="loginTMS_account" time="17.423" classname="testCases.Verify_Login"/>
</testsuite> <!-- testCases.Verify_Login -->
