<?xml version="1.0" encoding="UTF-8"?>
<!-- Generated by org.testng.reporters.JUnitReportReporter -->
<testsuite hostname="CTL-16" name="testCases.BrokenLinksVerification" tests="1" failures="0" timestamp="13 Apr 2017 12:20:13 GMT" time="18.734" errors="0">
  <testcase name="brokenLinks" time="18.734" classname="testCases.BrokenLinksVerification"/>
</testsuite> <!-- testCases.BrokenLinksVerification -->
