<?xml version="1.0" encoding="UTF-8"?>
<!-- Generated by org.testng.reporters.JUnitReportReporter -->
<testsuite skipped="0" hostname="CTL-16" name="appiumGrid.parallelMobileAndroidTest" tests="2" failures="0" timestamp="11 Dec 2017 11:41:04 GMT" time="11.614" errors="0">
  <testcase name="test1" time="6.231" classname="appiumGrid.parallelMobileAndroidTest"/>
  <testcase name="test1" time="5.383" classname="appiumGrid.parallelMobileAndroidTest"/>
</testsuite> <!-- appiumGrid.parallelMobileAndroidTest -->
