<?xml version="1.0" encoding="UTF-8"?>
<!-- Generated by org.testng.reporters.JUnitReportReporter -->
<testsuite skipped="0" hostname="CTL-16" name="appiumGrid.TestCasesParallel" tests="4" failures="0" timestamp="15 Dec 2017 13:04:43 GMT" time="41.348" errors="0">
  <testcase name="testm1" time="2.739" classname="appiumGrid.TestCasesParallel"/>
  <testcase name="testm2" time="13.377" classname="appiumGrid.TestCasesParallel"/>
  <testcase name="testm3" time="11.697" classname="appiumGrid.TestCasesParallel"/>
  <testcase name="testm4" time="13.535" classname="appiumGrid.TestCasesParallel"/>
</testsuite> <!-- appiumGrid.TestCasesParallel -->
