<?xml version="1.0" encoding="UTF-8"?>
<!-- Generated by org.testng.reporters.JUnitReportReporter -->
<testsuite hostname="Lenovo-PC" name="database.ConnectSqlServer1" tests="1" failures="0" timestamp="14 Jan 2017 07:45:57 GMT" time="14.741" errors="0">
  <testcase name="testSqldb" time="14.741" classname="database.ConnectSqlServer1"/>
</testsuite> <!-- database.ConnectSqlServer1 -->
