<?xml version="1.0" encoding="UTF-8"?>
<!-- Generated by org.testng.reporters.JUnitReportReporter -->
<testsuite skipped="0" hostname="CTL-16" name="investicamobileTestCases.Verify_Interapp_Switching_TestCases" tests="1" failures="0" timestamp="18 Jan 2018 12:21:37 GMT" time="34.417" errors="0">
  <testcase name="verify_messagingApp" time="34.417" classname="investicamobileTestCases.Verify_Interapp_Switching_TestCases"/>
</testsuite> <!-- investicamobileTestCases.Verify_Interapp_Switching_TestCases -->
