<?xml version="1.0" encoding="UTF-8"?>
<!-- Generated by org.testng.reporters.JUnitReportReporter -->
<testsuite skipped="0" hostname="CTL-16" name="investicamobileTestCases.VerifyFundExplorer" tests="1" failures="0" timestamp="08 Dec 2017 13:16:58 GMT" time="36.413" errors="0">
  <testcase name="verify_horizontalSwipe_element" time="36.413" classname="investicamobileTestCases.VerifyFundExplorer"/>
</testsuite> <!-- investicamobileTestCases.VerifyFundExplorer -->
