<?xml version="1.0" encoding="UTF-8"?>
<!-- Generated by org.testng.reporters.JUnitReportReporter -->
<testsuite skipped="0" hostname="CTL-16" name="appiumGrid.TestCasesParallel2" tests="4" failures="0" timestamp="15 Dec 2017 14:07:58 GMT" time="24.201" errors="0">
  <testcase name="testm1" time="12.525" classname="appiumGrid.TestCasesParallel2"/>
  <testcase name="testm1" time="11.665" classname="appiumGrid.TestCasesParallel2"/>
  <testcase name="testm2" time="0.006" classname="appiumGrid.TestCasesParallel2"/>
  <testcase name="testm2" time="0.005" classname="appiumGrid.TestCasesParallel2"/>
</testsuite> <!-- appiumGrid.TestCasesParallel2 -->
