<?xml version="1.0" encoding="UTF-8"?>
<!-- Generated by org.testng.reporters.JUnitReportReporter -->
<testsuite skipped="0" hostname="CTL-16" name="investicamobileTestCases.Verify_TopNavigation_TestCases" tests="1" failures="0" timestamp="03 Jan 2018 13:01:13 GMT" time="57.800" errors="0">
  <testcase name="verify_global_search" time="57.800" classname="investicamobileTestCases.Verify_TopNavigation_TestCases"/>
</testsuite> <!-- investicamobileTestCases.Verify_TopNavigation_TestCases -->
