<?xml version="1.0" encoding="UTF-8"?>
<!-- Generated by org.testng.reporters.JUnitReportReporter -->
<testsuite skipped="0" hostname="CTL-16" name="investicamobileTestCases.Verify_GuestNavigation_TestCases" tests="18" failures="0" timestamp="26 Dec 2017 13:21:46 GMT" time="367.077" errors="0">
  <testcase name="verify_navigation_SignInPage" time="21.851" classname="investicamobileTestCases.Verify_GuestNavigation_TestCases"/>
  <testcase name="verify_navigation_SignInPage" time="27.541" classname="investicamobileTestCases.Verify_GuestNavigation_TestCases"/>
  <testcase name="verify_navigation_to_Guest_InvestorDashboard" time="24.946" classname="investicamobileTestCases.Verify_GuestNavigation_TestCases"/>
  <testcase name="verify_navigation_to_Guest_InvestorDashboard" time="19.895" classname="investicamobileTestCases.Verify_GuestNavigation_TestCases"/>
  <testcase name="verify_navigation_to_FundExplorer_Guest" time="18.063" classname="investicamobileTestCases.Verify_GuestNavigation_TestCases"/>
  <testcase name="verify_navigation_to_FundExplorer_Guest" time="20.386" classname="investicamobileTestCases.Verify_GuestNavigation_TestCases"/>
  <testcase name="verify_navigation_to_MyInvestments_Guest" time="20.451" classname="investicamobileTestCases.Verify_GuestNavigation_TestCases"/>
  <testcase name="verify_navigation_to_MyInvestments_Guest" time="21.682" classname="investicamobileTestCases.Verify_GuestNavigation_TestCases"/>
  <testcase name="verify_navigation_to_MyTransactions_Guest" time="18.672" classname="investicamobileTestCases.Verify_GuestNavigation_TestCases"/>
  <testcase name="verify_navigation_to_MyTransactions_Guest" time="18.620" classname="investicamobileTestCases.Verify_GuestNavigation_TestCases"/>
  <testcase name="verify_navigation_to_MyProfile_Guest" time="20.762" classname="investicamobileTestCases.Verify_GuestNavigation_TestCases"/>
  <testcase name="verify_navigation_to_MyProfile_Guest" time="17.991" classname="investicamobileTestCases.Verify_GuestNavigation_TestCases"/>
  <testcase name="verify_navigation_to_SupportPage" time="22.780" classname="investicamobileTestCases.Verify_GuestNavigation_TestCases"/>
  <testcase name="verify_navigation_to_SupportPage" time="17.293" classname="investicamobileTestCases.Verify_GuestNavigation_TestCases"/>
  <testcase name="verify_Guest_Share_functionality" time="19.598" classname="investicamobileTestCases.Verify_GuestNavigation_TestCases"/>
  <testcase name="verify_Guest_Share_functionality" time="18.343" classname="investicamobileTestCases.Verify_GuestNavigation_TestCases"/>
  <testcase name="verify_navigation_FaqPage" time="17.764" classname="investicamobileTestCases.Verify_GuestNavigation_TestCases"/>
  <testcase name="verify_navigation_FaqPage" time="20.439" classname="investicamobileTestCases.Verify_GuestNavigation_TestCases"/>
</testsuite> <!-- investicamobileTestCases.Verify_GuestNavigation_TestCases -->
