<?xml version="1.0" encoding="UTF-8"?>
<!-- Generated by org.testng.reporters.JUnitReportReporter -->
<testsuite skipped="0" hostname="CTL-16" name="investicamobileTestCases.VerifyGuestNavigation" tests="7" failures="0" timestamp="04 Dec 2017 14:31:48 GMT" time="225.824" errors="0">
  <testcase name="verify_navigation_FaqPage" time="30.631" classname="investicamobileTestCases.VerifyGuestNavigation"/>
  <testcase name="verify_Guest_MyInvestments" time="30.402" classname="investicamobileTestCases.VerifyGuestNavigation"/>
  <testcase name="verify_Guest_SupportPage" time="28.102" classname="investicamobileTestCases.VerifyGuestNavigation"/>
  <testcase name="verify_Guest_MyProfile" time="30.370" classname="investicamobileTestCases.VerifyGuestNavigation"/>
  <testcase name="verify_navigation_SignInPage" time="30.571" classname="investicamobileTestCases.VerifyGuestNavigation"/>
  <testcase name="verify_Guest_Share_functionality" time="36.584" classname="investicamobileTestCases.VerifyGuestNavigation"/>
  <testcase name="verify_Guest_InvestorDashboard" time="39.164" classname="investicamobileTestCases.VerifyGuestNavigation"/>
</testsuite> <!-- investicamobileTestCases.VerifyGuestNavigation -->
