<?xml version="1.0" encoding="UTF-8"?>
<!-- Generated by org.testng.reporters.JUnitReportReporter -->
<testsuite hostname="Lenovo-PC" name="testCases.DemoReport" tests="2" failures="0" timestamp="18 Sep 2016 09:59:31 GMT" time="0.000" errors="0">
  <testcase name="testAdvanceReportFailed" time="0.000" classname="testCases.DemoReport"/>
  <testcase name="testAdvanceReport" time="0.000" classname="testCases.DemoReport"/>
</testsuite> <!-- testCases.DemoReport -->
