<?xml version="1.0" encoding="UTF-8"?>
<!-- Generated by org.testng.reporters.JUnitReportReporter -->
<testsuite skipped="0" hostname="CTL-16" name="investicamobileTestCases.VerifyLogin" tests="1" failures="0" timestamp="06 Dec 2017 06:39:15 GMT" time="103.536" errors="0">
  <testcase name="verify_login_errormsgs" time="103.536" classname="investicamobileTestCases.VerifyLogin"/>
</testsuite> <!-- investicamobileTestCases.VerifyLogin -->
