<?xml version="1.0" encoding="UTF-8"?>
<!-- Generated by org.testng.reporters.JUnitReportReporter -->
<testsuite skipped="0" hostname="CTL-16" name="investicamobileTestCases.InvesticaMobileAccountCreation" tests="1" failures="0" timestamp="16 Nov 2017 09:07:53 GMT" time="33.971" errors="0">
  <testcase name="onboard_MF_mobile" time="33.971" classname="investicamobileTestCases.InvesticaMobileAccountCreation"/>
</testsuite> <!-- investicamobileTestCases.InvesticaMobileAccountCreation -->
