<?xml version="1.0" encoding="UTF-8"?>
<!-- Generated by org.testng.reporters.JUnitReportReporter -->
<testsuite hostname="CTL-16" name="unitTest.BrowserFactoryTest" tests="3" failures="0" timestamp="18 Jul 2017 07:12:15 GMT" time="13.187" errors="0">
  <testcase name="testFirefox" time="6.408" classname="unitTest.BrowserFactoryTest"/>
  <testcase name="testchrome" time="4.403" classname="unitTest.BrowserFactoryTest"/>
  <testcase name="testIE" time="2.376" classname="unitTest.BrowserFactoryTest"/>
</testsuite> <!-- unitTest.BrowserFactoryTest -->
