<?xml version="1.0" encoding="UTF-8"?>
<!-- Generated by org.testng.reporters.JUnitReportReporter -->
<testsuite skipped="0" hostname="CTL-16" name="investicamobileTestCases.Investica_Account_Creation_Mobile2" tests="1" failures="0" timestamp="21 Jul 2017 15:21:06 GMT" time="3.562" errors="0">
  <testcase name="account_creation_mobile" time="3.562" classname="investicamobileTestCases.Investica_Account_Creation_Mobile2"/>
</testsuite> <!-- investicamobileTestCases.Investica_Account_Creation_Mobile2 -->
